[2025-05-06 16:00:52,969] INFO [QuorumController id=1] In the last 60000 ms period, 322 controller events were completed, which took an average of 10.33 ms each. The slowest event was writeNoOpRecord(1635981287), which took 28.61 ms. (org.apache.kafka.controller.EventPerformanceMonitor)
[2025-05-06 16:01:50,716] INFO [QuorumController id=1] In the last 60000 ms period, 321 controller events were completed, which took an average of 10.18 ms each. The slowest event was generatePeriodicPerformanceMessage(253577273), which took 32.85 ms. (org.apache.kafka.controller.EventPerformanceMonitor)
[2025-05-06 16:02:47,334] INFO [QuorumController id=1] In the last 60000 ms period, 324 controller events were completed, which took an average of 10.25 ms each. The slowest event was writeNoOpRecord(170729155), which took 28.82 ms. (org.apache.kafka.controller.EventPerformanceMonitor)
[2025-05-06 16:03:44,087] INFO [QuorumController id=1] In the last 60000 ms period, 322 controller events were completed, which took an average of 10.32 ms each. The slowest event was writeNoOpRecord(249527088), which took 28.96 ms. (org.apache.kafka.controller.EventPerformanceMonitor)
[2025-05-06 16:04:40,384] INFO [QuorumController id=1] Periodic task electPreferred generated 0 records in 56 microseconds. (org.apache.kafka.controller.PeriodicTaskControlManager)
[2025-05-06 16:04:40,384] INFO [QuorumController id=1] Periodic task electUnclean generated 0 records in 63 microseconds. (org.apache.kafka.controller.PeriodicTaskControlManager)
[2025-05-06 16:04:40,774] INFO [QuorumController id=1] In the last 60000 ms period, 322 controller events were completed, which took an average of 10.13 ms each. The slowest event was writeNoOpRecord(1555505761), which took 28.86 ms. (org.apache.kafka.controller.EventPerformanceMonitor)
[2025-05-06 16:05:37,375] INFO [QuorumController id=1] In the last 60000 ms period, 321 controller events were completed, which took an average of 27.98 ms each. The slowest event was writeNoOpRecord(1585029685), which took 1746.70 ms. (org.apache.kafka.controller.EventPerformanceMonitor)
[2025-05-06 16:06:34,110] INFO [QuorumController id=1] In the last 60000 ms period, 320 controller events were completed, which took an average of 10.11 ms each. The slowest event was writeNoOpRecord(1037393607), which took 28.87 ms. (org.apache.kafka.controller.EventPerformanceMonitor)
[2025-05-06 16:07:32,347] INFO [QuorumController id=1] In the last 60000 ms period, 322 controller events were completed, which took an average of 10.30 ms each. The slowest event was writeNoOpRecord(1014884047), which took 28.91 ms. (org.apache.kafka.controller.EventPerformanceMonitor)
[2025-05-06 16:08:28,910] INFO [QuorumController id=1] In the last 60000 ms period, 320 controller events were completed, which took an average of 10.00 ms each. The slowest event was writeNoOpRecord(509954175), which took 28.80 ms. (org.apache.kafka.controller.EventPerformanceMonitor)
[2025-05-06 16:09:25,053] INFO [QuorumController id=1] Periodic task electPreferred generated 0 records in 17 microseconds. (org.apache.kafka.controller.PeriodicTaskControlManager)
[2025-05-06 16:09:25,054] INFO [QuorumController id=1] Periodic task electUnclean generated 0 records in 14 microseconds. (org.apache.kafka.controller.PeriodicTaskControlManager)
[2025-05-06 16:09:25,467] INFO [QuorumController id=1] In the last 60000 ms period, 324 controller events were completed, which took an average of 10.42 ms each. The slowest event was writeNoOpRecord(204283121), which took 28.72 ms. (org.apache.kafka.controller.EventPerformanceMonitor)
[2025-05-06 16:10:22,031] INFO [QuorumController id=1] In the last 60000 ms period, 324 controller events were completed, which took an average of 10.30 ms each. The slowest event was writeNoOpRecord(1705866481), which took 29.03 ms. (org.apache.kafka.controller.EventPerformanceMonitor)
[2025-05-06 16:11:18,675] INFO [QuorumController id=1] In the last 60000 ms period, 323 controller events were completed, which took an average of 10.25 ms each. The slowest event was writeNoOpRecord(769259800), which took 28.91 ms. (org.apache.kafka.controller.EventPerformanceMonitor)
[2025-05-06 16:12:15,200] INFO [QuorumController id=1] In the last 60000 ms period, 322 controller events were completed, which took an average of 11.02 ms each. The slowest event was writeNoOpRecord(1567526274), which took 28.72 ms. (org.apache.kafka.controller.EventPerformanceMonitor)
[2025-05-06 16:13:11,712] INFO [QuorumController id=1] In the last 60000 ms period, 321 controller events were completed, which took an average of 10.35 ms each. The slowest event was writeNoOpRecord(499285328), which took 28.78 ms. (org.apache.kafka.controller.EventPerformanceMonitor)
[2025-05-06 16:14:09,673] INFO [QuorumController id=1] Periodic task electPreferred generated 0 records in 17 microseconds. (org.apache.kafka.controller.PeriodicTaskControlManager)
[2025-05-06 16:14:09,674] INFO [QuorumController id=1] Periodic task electUnclean generated 0 records in 14 microseconds. (org.apache.kafka.controller.PeriodicTaskControlManager)
[2025-05-06 16:14:10,100] INFO [QuorumController id=1] In the last 60000 ms period, 326 controller events were completed, which took an average of 10.65 ms each. The slowest event was writeNoOpRecord(1883982523), which took 28.98 ms. (org.apache.kafka.controller.EventPerformanceMonitor)
[2025-05-06 16:15:06,662] INFO [QuorumController id=1] In the last 60000 ms period, 322 controller events were completed, which took an average of 10.79 ms each. The slowest event was writeNoOpRecord(1519615144), which took 28.67 ms. (org.apache.kafka.controller.EventPerformanceMonitor)
[2025-05-06 16:16:03,156] INFO [QuorumController id=1] In the last 60000 ms period, 323 controller events were completed, which took an average of 10.80 ms each. The slowest event was writeNoOpRecord(1341710740), which took 32.79 ms. (org.apache.kafka.controller.EventPerformanceMonitor)
[2025-05-06 16:16:59,742] INFO [QuorumController id=1] In the last 60000 ms period, 324 controller events were completed, which took an average of 10.61 ms each. The slowest event was writeNoOpRecord(1058289554), which took 28.70 ms. (org.apache.kafka.controller.EventPerformanceMonitor)
[2025-05-06 16:17:56,245] INFO [QuorumController id=1] In the last 60000 ms period, 322 controller events were completed, which took an average of 10.50 ms each. The slowest event was writeNoOpRecord(883250303), which took 39.78 ms. (org.apache.kafka.controller.EventPerformanceMonitor)
[2025-05-06 16:18:52,326] INFO [QuorumController id=1] Periodic task electPreferred generated 0 records in 19 microseconds. (org.apache.kafka.controller.PeriodicTaskControlManager)
[2025-05-06 16:18:52,326] INFO [QuorumController id=1] Periodic task electUnclean generated 0 records in 50 microseconds. (org.apache.kafka.controller.PeriodicTaskControlManager)
[2025-05-06 16:18:52,758] INFO [QuorumController id=1] In the last 60000 ms period, 326 controller events were completed, which took an average of 10.32 ms each. The slowest event was writeNoOpRecord(1604514011), which took 29.35 ms. (org.apache.kafka.controller.EventPerformanceMonitor)
[2025-05-06 16:19:50,953] INFO [QuorumController id=1] In the last 60000 ms period, 322 controller events were completed, which took an average of 10.43 ms each. The slowest event was writeNoOpRecord(1889751477), which took 28.50 ms. (org.apache.kafka.controller.EventPerformanceMonitor)
[2025-05-06 16:20:01,446] INFO [QuorumController id=1] CreateTopics result(s): CreatableTopic(name='streams-plaintext-input', numPartitions=1, replicationFactor=1, assignments=[], configs=[]): SUCCESS (org.apache.kafka.controller.ReplicationControlManager)
[2025-05-06 16:20:01,448] INFO [QuorumController id=1] Replayed TopicRecord for topic streams-plaintext-input with topic ID UY5H0HaWSWi2S8xjFwm7ig. (org.apache.kafka.controller.ReplicationControlManager)
[2025-05-06 16:20:01,450] INFO [QuorumController id=1] Replayed PartitionRecord for new partition streams-plaintext-input-0 with topic ID UY5H0HaWSWi2S8xjFwm7ig and PartitionRegistration(replicas=[1], directories=[QyKvWZLSS8iJw7ZPLDnrOg], isr=[1], removingReplicas=[], addingReplicas=[], elr=[], lastKnownElr=[], leader=1, leaderRecoveryState=RECOVERED, leaderEpoch=0, partitionEpoch=0). (org.apache.kafka.controller.ReplicationControlManager)
[2025-05-06 16:20:19,867] INFO [QuorumController id=1] CreateTopics result(s): CreatableTopic(name='streams-wordcount-output', numPartitions=1, replicationFactor=1, assignments=[], configs=[CreatableTopicConfig(name='cleanup.policy', value='compact')]): SUCCESS (org.apache.kafka.controller.ReplicationControlManager)
[2025-05-06 16:20:19,868] INFO [QuorumController id=1] Replayed TopicRecord for topic streams-wordcount-output with topic ID 0XRhXKg3SbS0yTwdFa0lFA. (org.apache.kafka.controller.ReplicationControlManager)
[2025-05-06 16:20:19,868] INFO [QuorumController id=1] Replayed ConfigRecord for ConfigResource(type=TOPIC, name='streams-wordcount-output') which set configuration cleanup.policy to compact (org.apache.kafka.controller.ConfigurationControlManager)
[2025-05-06 16:20:19,869] INFO [QuorumController id=1] Replayed PartitionRecord for new partition streams-wordcount-output-0 with topic ID 0XRhXKg3SbS0yTwdFa0lFA and PartitionRegistration(replicas=[1], directories=[QyKvWZLSS8iJw7ZPLDnrOg], isr=[1], removingReplicas=[], addingReplicas=[], elr=[], lastKnownElr=[], leader=1, leaderRecoveryState=RECOVERED, leaderEpoch=0, partitionEpoch=0). (org.apache.kafka.controller.ReplicationControlManager)
[2025-05-06 16:20:47,482] INFO [QuorumController id=1] In the last 60000 ms period, 326 controller events were completed, which took an average of 10.20 ms each. The slowest event was createTopics(512751708), which took 34.40 ms. (org.apache.kafka.controller.EventPerformanceMonitor)
[2025-05-06 16:21:43,923] INFO [QuorumController id=1] In the last 60000 ms period, 322 controller events were completed, which took an average of 10.33 ms each. The slowest event was writeNoOpRecord(2134243230), which took 34.95 ms. (org.apache.kafka.controller.EventPerformanceMonitor)
[2025-05-06 16:22:40,444] INFO [QuorumController id=1] In the last 60000 ms period, 322 controller events were completed, which took an average of 10.30 ms each. The slowest event was writeNoOpRecord(646907137), which took 28.80 ms. (org.apache.kafka.controller.EventPerformanceMonitor)
[2025-05-06 16:23:36,294] INFO [QuorumController id=1] Periodic task expireDelegationTokens generated 0 records in 275 microseconds. (org.apache.kafka.controller.PeriodicTaskControlManager)
[2025-05-06 16:23:36,396] INFO [QuorumController id=1] Periodic task electPreferred generated 0 records in 19 microseconds. (org.apache.kafka.controller.PeriodicTaskControlManager)
[2025-05-06 16:23:36,397] INFO [QuorumController id=1] Periodic task electUnclean generated 0 records in 47 microseconds. (org.apache.kafka.controller.PeriodicTaskControlManager)
[2025-05-06 16:23:36,856] INFO [QuorumController id=1] In the last 60000 ms period, 324 controller events were completed, which took an average of 32.41 ms each. The slowest event was writeNoOpRecord(498478532), which took 1814.69 ms. (org.apache.kafka.controller.EventPerformanceMonitor)
[2025-05-06 16:23:44,010] INFO [QuorumController id=1] CreateTopics result(s): CreatableTopic(name='streams-wordcount-counts-store-repartition', numPartitions=1, replicationFactor=-1, assignments=[], configs=[CreatableTopicConfig(name='message.timestamp.type', value='CreateTime'), CreatableTopicConfig(name='cleanup.policy', value='delete'), CreatableTopicConfig(name='segment.bytes', value='52428800'), CreatableTopicConfig(name='retention.ms', value='-1')]): SUCCESS (org.apache.kafka.controller.ReplicationControlManager)
[2025-05-06 16:23:44,011] INFO [QuorumController id=1] Replayed TopicRecord for topic streams-wordcount-counts-store-repartition with topic ID uxei4SnXRnqcz2rhXpXSoQ. (org.apache.kafka.controller.ReplicationControlManager)
[2025-05-06 16:23:44,011] INFO [QuorumController id=1] Replayed ConfigRecord for ConfigResource(type=TOPIC, name='streams-wordcount-counts-store-repartition') which set configuration cleanup.policy to delete (org.apache.kafka.controller.ConfigurationControlManager)
[2025-05-06 16:23:44,011] INFO [QuorumController id=1] Replayed ConfigRecord for ConfigResource(type=TOPIC, name='streams-wordcount-counts-store-repartition') which set configuration message.timestamp.type to CreateTime (org.apache.kafka.controller.ConfigurationControlManager)
[2025-05-06 16:23:44,012] INFO [QuorumController id=1] Replayed ConfigRecord for ConfigResource(type=TOPIC, name='streams-wordcount-counts-store-repartition') which set configuration segment.bytes to 52428800 (org.apache.kafka.controller.ConfigurationControlManager)
[2025-05-06 16:23:44,012] INFO [QuorumController id=1] Replayed ConfigRecord for ConfigResource(type=TOPIC, name='streams-wordcount-counts-store-repartition') which set configuration retention.ms to -1 (org.apache.kafka.controller.ConfigurationControlManager)
[2025-05-06 16:23:44,013] INFO [QuorumController id=1] Replayed PartitionRecord for new partition streams-wordcount-counts-store-repartition-0 with topic ID uxei4SnXRnqcz2rhXpXSoQ and PartitionRegistration(replicas=[1], directories=[QyKvWZLSS8iJw7ZPLDnrOg], isr=[1], removingReplicas=[], addingReplicas=[], elr=[], lastKnownElr=[], leader=1, leaderRecoveryState=RECOVERED, leaderEpoch=0, partitionEpoch=0). (org.apache.kafka.controller.ReplicationControlManager)
[2025-05-06 16:23:44,073] INFO [QuorumController id=1] CreateTopics result(s): CreatableTopic(name='streams-wordcount-counts-store-changelog', numPartitions=1, replicationFactor=-1, assignments=[], configs=[CreatableTopicConfig(name='message.timestamp.type', value='CreateTime'), CreatableTopicConfig(name='cleanup.policy', value='compact')]): SUCCESS (org.apache.kafka.controller.ReplicationControlManager)
[2025-05-06 16:23:44,074] INFO [QuorumController id=1] Replayed TopicRecord for topic streams-wordcount-counts-store-changelog with topic ID siLmX5PWSGWUMRSM7Jc7Iw. (org.apache.kafka.controller.ReplicationControlManager)
[2025-05-06 16:23:44,074] INFO [QuorumController id=1] Replayed ConfigRecord for ConfigResource(type=TOPIC, name='streams-wordcount-counts-store-changelog') which set configuration cleanup.policy to compact (org.apache.kafka.controller.ConfigurationControlManager)
[2025-05-06 16:23:44,074] INFO [QuorumController id=1] Replayed ConfigRecord for ConfigResource(type=TOPIC, name='streams-wordcount-counts-store-changelog') which set configuration message.timestamp.type to CreateTime (org.apache.kafka.controller.ConfigurationControlManager)
[2025-05-06 16:23:44,075] INFO [QuorumController id=1] Replayed PartitionRecord for new partition streams-wordcount-counts-store-changelog-0 with topic ID siLmX5PWSGWUMRSM7Jc7Iw and PartitionRegistration(replicas=[1], directories=[QyKvWZLSS8iJw7ZPLDnrOg], isr=[1], removingReplicas=[], addingReplicas=[], elr=[], lastKnownElr=[], leader=1, leaderRecoveryState=RECOVERED, leaderEpoch=0, partitionEpoch=0). (org.apache.kafka.controller.ReplicationControlManager)
[2025-05-06 16:24:33,528] INFO [QuorumController id=1] In the last 60000 ms period, 327 controller events were completed, which took an average of 10.14 ms each. The slowest event was createTopics(846011011), which took 31.37 ms. (org.apache.kafka.controller.EventPerformanceMonitor)
[2025-05-06 16:25:29,877] INFO [QuorumController id=1] In the last 60000 ms period, 313 controller events were completed, which took an average of 10.18 ms each. The slowest event was writeNoOpRecord(670646702), which took 45.80 ms. (org.apache.kafka.controller.EventPerformanceMonitor)
[2025-05-06 16:26:28,151] INFO [QuorumController id=1] In the last 60000 ms period, 329 controller events were completed, which took an average of 31.77 ms each. The slowest event was writeNoOpRecord(370355027), which took 1825.96 ms. (org.apache.kafka.controller.EventPerformanceMonitor)
[2025-05-06 16:27:23,972] INFO [QuorumController id=1] In the last 60000 ms period, 320 controller events were completed, which took an average of 10.12 ms each. The slowest event was writeNoOpRecord(285813585), which took 44.53 ms. (org.apache.kafka.controller.EventPerformanceMonitor)
[2025-05-06 16:28:19,974] INFO [QuorumController id=1] Periodic task electPreferred generated 0 records in 17 microseconds. (org.apache.kafka.controller.PeriodicTaskControlManager)
[2025-05-06 16:28:19,974] INFO [QuorumController id=1] Periodic task electUnclean generated 0 records in 54 microseconds. (org.apache.kafka.controller.PeriodicTaskControlManager)
[2025-05-06 16:28:20,468] INFO [QuorumController id=1] In the last 60000 ms period, 322 controller events were completed, which took an average of 10.20 ms each. The slowest event was writeNoOpRecord(1953271494), which took 28.66 ms. (org.apache.kafka.controller.EventPerformanceMonitor)
[2025-05-06 16:29:18,606] INFO [QuorumController id=1] In the last 60000 ms period, 316 controller events were completed, which took an average of 10.03 ms each. The slowest event was writeNoOpRecord(1197342526), which took 28.60 ms. (org.apache.kafka.controller.EventPerformanceMonitor)
[2025-05-06 16:30:15,218] INFO [QuorumController id=1] In the last 60000 ms period, 318 controller events were completed, which took an average of 9.97 ms each. The slowest event was writeNoOpRecord(1856054156), which took 28.96 ms. (org.apache.kafka.controller.EventPerformanceMonitor)
[2025-05-06 16:31:11,651] INFO [QuorumController id=1] In the last 60000 ms period, 320 controller events were completed, which took an average of 9.84 ms each. The slowest event was writeNoOpRecord(821091861), which took 28.76 ms. (org.apache.kafka.controller.EventPerformanceMonitor)
[2025-05-06 16:32:08,069] INFO [QuorumController id=1] In the last 60000 ms period, 322 controller events were completed, which took an average of 9.94 ms each. The slowest event was writeNoOpRecord(124333213), which took 29.10 ms. (org.apache.kafka.controller.EventPerformanceMonitor)
[2025-05-06 16:33:04,017] INFO [QuorumController id=1] Periodic task electPreferred generated 0 records in 19 microseconds. (org.apache.kafka.controller.PeriodicTaskControlManager)
[2025-05-06 16:33:04,018] INFO [QuorumController id=1] Periodic task electUnclean generated 0 records in 83 microseconds. (org.apache.kafka.controller.PeriodicTaskControlManager)
[2025-05-06 16:33:04,564] INFO [QuorumController id=1] In the last 60000 ms period, 327 controller events were completed, which took an average of 10.09 ms each. The slowest event was writeNoOpRecord(451806920), which took 28.71 ms. (org.apache.kafka.controller.EventPerformanceMonitor)
[2025-05-06 16:34:00,954] INFO [QuorumController id=1] In the last 60000 ms period, 318 controller events were completed, which took an average of 27.58 ms each. The slowest event was writeNoOpRecord(1238724972), which took 1784.22 ms. (org.apache.kafka.controller.EventPerformanceMonitor)
[2025-05-06 16:34:57,333] INFO [QuorumController id=1] In the last 60000 ms period, 322 controller events were completed, which took an average of 10.13 ms each. The slowest event was writeNoOpRecord(49601469), which took 28.76 ms. (org.apache.kafka.controller.EventPerformanceMonitor)
[2025-05-06 16:35:55,488] INFO [QuorumController id=1] In the last 60000 ms period, 324 controller events were completed, which took an average of 10.21 ms each. The slowest event was writeNoOpRecord(404830366), which took 28.70 ms. (org.apache.kafka.controller.EventPerformanceMonitor)
[2025-05-06 16:36:51,942] INFO [QuorumController id=1] In the last 60000 ms period, 322 controller events were completed, which took an average of 10.13 ms each. The slowest event was writeNoOpRecord(1681581831), which took 44.43 ms. (org.apache.kafka.controller.EventPerformanceMonitor)
[2025-05-06 16:37:47,743] INFO [QuorumController id=1] Periodic task electPreferred generated 0 records in 17 microseconds. (org.apache.kafka.controller.PeriodicTaskControlManager)
[2025-05-06 16:37:47,744] INFO [QuorumController id=1] Periodic task electUnclean generated 0 records in 15 microseconds. (org.apache.kafka.controller.PeriodicTaskControlManager)
[2025-05-06 16:37:48,296] INFO [QuorumController id=1] In the last 60000 ms period, 325 controller events were completed, which took an average of 10.08 ms each. The slowest event was writeNoOpRecord(250565332), which took 28.56 ms. (org.apache.kafka.controller.EventPerformanceMonitor)
[2025-05-06 16:38:44,648] INFO [QuorumController id=1] In the last 60000 ms period, 324 controller events were completed, which took an average of 10.15 ms each. The slowest event was writeNoOpRecord(1921995166), which took 28.76 ms. (org.apache.kafka.controller.EventPerformanceMonitor)
[2025-05-06 16:39:40,984] INFO [QuorumController id=1] In the last 60000 ms period, 322 controller events were completed, which took an average of 10.02 ms each. The slowest event was writeNoOpRecord(717911935), which took 28.65 ms. (org.apache.kafka.controller.EventPerformanceMonitor)
[2025-05-06 16:40:37,617] INFO [QuorumController id=1] In the last 60000 ms period, 324 controller events were completed, which took an average of 10.07 ms each. The slowest event was writeNoOpRecord(693754242), which took 28.56 ms. (org.apache.kafka.controller.EventPerformanceMonitor)
[2025-05-06 16:41:33,939] INFO [QuorumController id=1] In the last 60000 ms period, 323 controller events were completed, which took an average of 10.29 ms each. The slowest event was writeNoOpRecord(1150827848), which took 28.50 ms. (org.apache.kafka.controller.EventPerformanceMonitor)
[2025-05-06 16:41:43,122] INFO [QuorumController id=1] DeleteTopics result(s): {id: UY5H0HaWSWi2S8xjFwm7ig, name: streams-plaintext-input, result: SUCCESS} (org.apache.kafka.controller.ReplicationControlManager)
[2025-05-06 16:41:43,122] INFO [QuorumController id=1] Replayed RemoveTopicRecord for topic streams-plaintext-input with ID UY5H0HaWSWi2S8xjFwm7ig. (org.apache.kafka.controller.ReplicationControlManager)
[2025-05-06 16:41:46,497] INFO [QuorumController id=1] DeleteTopics result(s): {id: 0XRhXKg3SbS0yTwdFa0lFA, name: streams-wordcount-output, result: SUCCESS} (org.apache.kafka.controller.ReplicationControlManager)
[2025-05-06 16:41:46,498] INFO [QuorumController id=1] Replayed RemoveTopicRecord for topic streams-wordcount-output with ID 0XRhXKg3SbS0yTwdFa0lFA. (org.apache.kafka.controller.ReplicationControlManager)
[2025-05-06 16:42:31,568] INFO [QuorumController id=1] Periodic task electPreferred generated 0 records in 17 microseconds. (org.apache.kafka.controller.PeriodicTaskControlManager)
[2025-05-06 16:42:31,569] INFO [QuorumController id=1] Periodic task electUnclean generated 0 records in 14 microseconds. (org.apache.kafka.controller.PeriodicTaskControlManager)
[2025-05-06 16:42:32,120] INFO [QuorumController id=1] In the last 60000 ms period, 330 controller events were completed, which took an average of 10.19 ms each. The slowest event was writeNoOpRecord(377910872), which took 28.80 ms. (org.apache.kafka.controller.EventPerformanceMonitor)
[2025-05-06 16:43:12,405] INFO [QuorumController id=1] Unfenced broker 1 has requested and been granted a controlled shutdown. (org.apache.kafka.controller.BrokerHeartbeatManager)
[2025-05-06 16:43:12,428] INFO [QuorumController id=1] enterControlledShutdown[1]: changing 52 partition(s) (org.apache.kafka.controller.ReplicationControlManager)
[2025-05-06 16:43:12,430] INFO [QuorumController id=1] Replayed BrokerRegistrationChangeRecord modifying the registration for broker 1: BrokerRegistrationChangeRecord(brokerId=1, brokerEpoch=9, fenced=0, inControlledShutdown=1, logDirs=[]) (org.apache.kafka.controller.ClusterControlManager)
[2025-05-06 16:43:12,510] INFO [QuorumController id=1] The request from broker 1 to shut down has been granted since the lowest active offset 9223372036854775807 is now greater than the broker's controlled shutdown offset 24081. (org.apache.kafka.controller.BrokerHeartbeatManager)
[2025-05-06 16:43:12,514] INFO [QuorumController id=1] Replayed BrokerRegistrationChangeRecord modifying the registration for broker 1: BrokerRegistrationChangeRecord(brokerId=1, brokerEpoch=9, fenced=1, inControlledShutdown=0, logDirs=[]) (org.apache.kafka.controller.ClusterControlManager)
[2025-05-06 16:43:13,234] INFO [QuorumController id=1] writeNoOpRecord: event unable to start processing because of RejectedExecutionException (treated as TimeoutException). Exception message: The event queue is shutting down (org.apache.kafka.controller.QuorumController)
[2025-05-06 16:43:13,234] INFO [QuorumController id=1] maybeFenceStaleBroker: event unable to start processing because of RejectedExecutionException (treated as TimeoutException). Exception message: The event queue is shutting down (org.apache.kafka.controller.QuorumController)
[2025-05-06 16:43:13,235] INFO [QuorumController id=1] generatePeriodicPerformanceMessage: event unable to start processing because of RejectedExecutionException (treated as TimeoutException). Exception message: The event queue is shutting down (org.apache.kafka.controller.QuorumController)
[2025-05-06 16:43:13,235] INFO [QuorumController id=1] electPreferred: event unable to start processing because of RejectedExecutionException (treated as TimeoutException). Exception message: The event queue is shutting down (org.apache.kafka.controller.QuorumController)
[2025-05-06 16:43:13,235] INFO [QuorumController id=1] electUnclean: event unable to start processing because of RejectedExecutionException (treated as TimeoutException). Exception message: The event queue is shutting down (org.apache.kafka.controller.QuorumController)
[2025-05-06 16:43:13,236] INFO [QuorumController id=1] expireDelegationTokens: event unable to start processing because of RejectedExecutionException (treated as TimeoutException). Exception message: The event queue is shutting down (org.apache.kafka.controller.QuorumController)
