[2025-05-06 16:20:01,477] INFO [Broker id=1] Transitioning 1 partition(s) to local leaders. (state.change.logger)
[2025-05-06 16:20:01,495] INFO [Broker id=1] Creating new partition streams-plaintext-input-0 with topic id UY5H0HaWSWi2S8xjFwm7ig. (state.change.logger)
[2025-05-06 16:20:01,523] INFO [Broker id=1] Leader streams-plaintext-input-0 with topic id Some(UY5H0HaWSWi2S8xjFwm7ig) starts at leader epoch 0 from offset 0 with partition epoch 0, high watermark 0, ISR [1], adding replicas [] and removing replicas [] . Previous leader None and previous leader epoch was -1. (state.change.logger)
[2025-05-06 16:20:19,895] INFO [Broker id=1] Transitioning 1 partition(s) to local leaders. (state.change.logger)
[2025-05-06 16:20:19,896] INFO [Broker id=1] Creating new partition streams-wordcount-output-0 with topic id 0XRhXKg3SbS0yTwdFa0lFA. (state.change.logger)
[2025-05-06 16:20:19,905] INFO [Broker id=1] Leader streams-wordcount-output-0 with topic id Some(0XRhXKg3SbS0yTwdFa0lFA) starts at leader epoch 0 from offset 0 with partition epoch 0, high watermark 0, ISR [1], adding replicas [] and removing replicas [] . Previous leader None and previous leader epoch was -1. (state.change.logger)
[2025-05-06 16:23:44,040] INFO [Broker id=1] Transitioning 1 partition(s) to local leaders. (state.change.logger)
[2025-05-06 16:23:44,041] INFO [Broker id=1] Creating new partition streams-wordcount-counts-store-repartition-0 with topic id uxei4SnXRnqcz2rhXpXSoQ. (state.change.logger)
[2025-05-06 16:23:44,053] INFO [Broker id=1] Leader streams-wordcount-counts-store-repartition-0 with topic id Some(uxei4SnXRnqcz2rhXpXSoQ) starts at leader epoch 0 from offset 0 with partition epoch 0, high watermark 0, ISR [1], adding replicas [] and removing replicas [] . Previous leader None and previous leader epoch was -1. (state.change.logger)
[2025-05-06 16:23:44,102] INFO [Broker id=1] Transitioning 1 partition(s) to local leaders. (state.change.logger)
[2025-05-06 16:23:44,103] INFO [Broker id=1] Creating new partition streams-wordcount-counts-store-changelog-0 with topic id siLmX5PWSGWUMRSM7Jc7Iw. (state.change.logger)
[2025-05-06 16:23:44,110] INFO [Broker id=1] Leader streams-wordcount-counts-store-changelog-0 with topic id Some(siLmX5PWSGWUMRSM7Jc7Iw) starts at leader epoch 0 from offset 0 with partition epoch 0, high watermark 0, ISR [1], adding replicas [] and removing replicas [] . Previous leader None and previous leader epoch was -1. (state.change.logger)
[2025-05-06 16:41:43,149] INFO [Broker id=1] Deleting 1 partition(s). (state.change.logger)
[2025-05-06 16:41:46,526] INFO [Broker id=1] Deleting 1 partition(s). (state.change.logger)
[2025-05-06 16:43:12,460] INFO [Broker id=1] Transitioning 52 partition(s) to local followers. (state.change.logger)
[2025-05-06 16:43:12,474] INFO [Broker id=1] Follower __consumer_offsets-13 starts at leader epoch 1 from offset 0 with partition epoch 1 and high watermark 0. Current leader is -1. Previous leader Some(-1) and previous leader epoch was 1. (state.change.logger)
[2025-05-06 16:43:12,475] INFO [Broker id=1] Follower __consumer_offsets-46 starts at leader epoch 1 from offset 0 with partition epoch 1 and high watermark 0. Current leader is -1. Previous leader Some(-1) and previous leader epoch was 1. (state.change.logger)
[2025-05-06 16:43:12,475] INFO [Broker id=1] Follower __consumer_offsets-9 starts at leader epoch 1 from offset 0 with partition epoch 1 and high watermark 0. Current leader is -1. Previous leader Some(-1) and previous leader epoch was 1. (state.change.logger)
[2025-05-06 16:43:12,476] INFO [Broker id=1] Follower __consumer_offsets-42 starts at leader epoch 1 from offset 0 with partition epoch 1 and high watermark 0. Current leader is -1. Previous leader Some(-1) and previous leader epoch was 1. (state.change.logger)
[2025-05-06 16:43:12,476] INFO [Broker id=1] Follower __consumer_offsets-21 starts at leader epoch 1 from offset 0 with partition epoch 1 and high watermark 0. Current leader is -1. Previous leader Some(-1) and previous leader epoch was 1. (state.change.logger)
[2025-05-06 16:43:12,477] INFO [Broker id=1] Follower __consumer_offsets-17 starts at leader epoch 1 from offset 4 with partition epoch 1 and high watermark 4. Current leader is -1. Previous leader Some(-1) and previous leader epoch was 1. (state.change.logger)
[2025-05-06 16:43:12,477] INFO [Broker id=1] Follower __consumer_offsets-30 starts at leader epoch 1 from offset 0 with partition epoch 1 and high watermark 0. Current leader is -1. Previous leader Some(-1) and previous leader epoch was 1. (state.change.logger)
[2025-05-06 16:43:12,478] INFO [Broker id=1] Follower __consumer_offsets-26 starts at leader epoch 1 from offset 4 with partition epoch 1 and high watermark 4. Current leader is -1. Previous leader Some(-1) and previous leader epoch was 1. (state.change.logger)
[2025-05-06 16:43:12,478] INFO [Broker id=1] Follower __consumer_offsets-5 starts at leader epoch 1 from offset 0 with partition epoch 1 and high watermark 0. Current leader is -1. Previous leader Some(-1) and previous leader epoch was 1. (state.change.logger)
[2025-05-06 16:43:12,479] INFO [Broker id=1] Follower __consumer_offsets-38 starts at leader epoch 1 from offset 0 with partition epoch 1 and high watermark 0. Current leader is -1. Previous leader Some(-1) and previous leader epoch was 1. (state.change.logger)
[2025-05-06 16:43:12,479] INFO [Broker id=1] Follower __consumer_offsets-1 starts at leader epoch 1 from offset 0 with partition epoch 1 and high watermark 0. Current leader is -1. Previous leader Some(-1) and previous leader epoch was 1. (state.change.logger)
[2025-05-06 16:43:12,480] INFO [Broker id=1] Follower __consumer_offsets-34 starts at leader epoch 1 from offset 0 with partition epoch 1 and high watermark 0. Current leader is -1. Previous leader Some(-1) and previous leader epoch was 1. (state.change.logger)
[2025-05-06 16:43:12,480] INFO [Broker id=1] Follower __consumer_offsets-16 starts at leader epoch 1 from offset 4 with partition epoch 1 and high watermark 4. Current leader is -1. Previous leader Some(-1) and previous leader epoch was 1. (state.change.logger)
[2025-05-06 16:43:12,481] INFO [Broker id=1] Follower __consumer_offsets-45 starts at leader epoch 1 from offset 0 with partition epoch 1 and high watermark 0. Current leader is -1. Previous leader Some(-1) and previous leader epoch was 1. (state.change.logger)
[2025-05-06 16:43:12,482] INFO [Broker id=1] Follower __consumer_offsets-12 starts at leader epoch 1 from offset 0 with partition epoch 1 and high watermark 0. Current leader is -1. Previous leader Some(-1) and previous leader epoch was 1. (state.change.logger)
[2025-05-06 16:43:12,482] INFO [Broker id=1] Follower __consumer_offsets-41 starts at leader epoch 1 from offset 0 with partition epoch 1 and high watermark 0. Current leader is -1. Previous leader Some(-1) and previous leader epoch was 1. (state.change.logger)
[2025-05-06 16:43:12,483] INFO [Broker id=1] Follower __consumer_offsets-24 starts at leader epoch 1 from offset 7 with partition epoch 1 and high watermark 7. Current leader is -1. Previous leader Some(-1) and previous leader epoch was 1. (state.change.logger)
[2025-05-06 16:43:12,483] INFO [Broker id=1] Follower __consumer_offsets-20 starts at leader epoch 1 from offset 0 with partition epoch 1 and high watermark 0. Current leader is -1. Previous leader Some(-1) and previous leader epoch was 1. (state.change.logger)
[2025-05-06 16:43:12,484] INFO [Broker id=1] Follower __consumer_offsets-49 starts at leader epoch 1 from offset 0 with partition epoch 1 and high watermark 0. Current leader is -1. Previous leader Some(-1) and previous leader epoch was 1. (state.change.logger)
[2025-05-06 16:43:12,484] INFO [Broker id=1] Follower __consumer_offsets-0 starts at leader epoch 1 from offset 0 with partition epoch 1 and high watermark 0. Current leader is -1. Previous leader Some(-1) and previous leader epoch was 1. (state.change.logger)
[2025-05-06 16:43:12,484] INFO [Broker id=1] Follower __consumer_offsets-29 starts at leader epoch 1 from offset 0 with partition epoch 1 and high watermark 0. Current leader is -1. Previous leader Some(-1) and previous leader epoch was 1. (state.change.logger)
[2025-05-06 16:43:12,485] INFO [Broker id=1] Follower __consumer_offsets-25 starts at leader epoch 1 from offset 0 with partition epoch 1 and high watermark 0. Current leader is -1. Previous leader Some(-1) and previous leader epoch was 1. (state.change.logger)
[2025-05-06 16:43:12,485] INFO [Broker id=1] Follower __consumer_offsets-8 starts at leader epoch 1 from offset 7 with partition epoch 1 and high watermark 7. Current leader is -1. Previous leader Some(-1) and previous leader epoch was 1. (state.change.logger)
[2025-05-06 16:43:12,486] INFO [Broker id=1] Follower __consumer_offsets-37 starts at leader epoch 1 from offset 0 with partition epoch 1 and high watermark 0. Current leader is -1. Previous leader Some(-1) and previous leader epoch was 1. (state.change.logger)
[2025-05-06 16:43:12,486] INFO [Broker id=1] Follower __consumer_offsets-4 starts at leader epoch 1 from offset 0 with partition epoch 1 and high watermark 0. Current leader is -1. Previous leader Some(-1) and previous leader epoch was 1. (state.change.logger)
[2025-05-06 16:43:12,487] INFO [Broker id=1] Follower __consumer_offsets-33 starts at leader epoch 1 from offset 4 with partition epoch 1 and high watermark 4. Current leader is -1. Previous leader Some(-1) and previous leader epoch was 1. (state.change.logger)
[2025-05-06 16:43:12,487] INFO [Broker id=1] Follower __consumer_offsets-15 starts at leader epoch 1 from offset 0 with partition epoch 1 and high watermark 0. Current leader is -1. Previous leader Some(-1) and previous leader epoch was 1. (state.change.logger)
[2025-05-06 16:43:12,488] INFO [Broker id=1] Follower __consumer_offsets-48 starts at leader epoch 1 from offset 0 with partition epoch 1 and high watermark 0. Current leader is -1. Previous leader Some(-1) and previous leader epoch was 1. (state.change.logger)
[2025-05-06 16:43:12,488] INFO [Broker id=1] Follower __consumer_offsets-11 starts at leader epoch 1 from offset 0 with partition epoch 1 and high watermark 0. Current leader is -1. Previous leader Some(-1) and previous leader epoch was 1. (state.change.logger)
[2025-05-06 16:43:12,489] INFO [Broker id=1] Follower __consumer_offsets-44 starts at leader epoch 1 from offset 0 with partition epoch 1 and high watermark 0. Current leader is -1. Previous leader Some(-1) and previous leader epoch was 1. (state.change.logger)
[2025-05-06 16:43:12,489] INFO [Broker id=1] Follower __consumer_offsets-23 starts at leader epoch 1 from offset 0 with partition epoch 1 and high watermark 0. Current leader is -1. Previous leader Some(-1) and previous leader epoch was 1. (state.change.logger)
[2025-05-06 16:43:12,490] INFO [Broker id=1] Follower __consumer_offsets-19 starts at leader epoch 1 from offset 0 with partition epoch 1 and high watermark 0. Current leader is -1. Previous leader Some(-1) and previous leader epoch was 1. (state.change.logger)
[2025-05-06 16:43:12,490] INFO [Broker id=1] Follower __consumer_offsets-32 starts at leader epoch 1 from offset 0 with partition epoch 1 and high watermark 0. Current leader is -1. Previous leader Some(-1) and previous leader epoch was 1. (state.change.logger)
[2025-05-06 16:43:12,490] INFO [Broker id=1] Follower __consumer_offsets-28 starts at leader epoch 1 from offset 0 with partition epoch 1 and high watermark 0. Current leader is -1. Previous leader Some(-1) and previous leader epoch was 1. (state.change.logger)
[2025-05-06 16:43:12,491] INFO [Broker id=1] Follower __consumer_offsets-7 starts at leader epoch 1 from offset 0 with partition epoch 1 and high watermark 0. Current leader is -1. Previous leader Some(-1) and previous leader epoch was 1. (state.change.logger)
[2025-05-06 16:43:12,491] INFO [Broker id=1] Follower __consumer_offsets-40 starts at leader epoch 1 from offset 0 with partition epoch 1 and high watermark 0. Current leader is -1. Previous leader Some(-1) and previous leader epoch was 1. (state.change.logger)
[2025-05-06 16:43:12,492] INFO [Broker id=1] Follower __consumer_offsets-3 starts at leader epoch 1 from offset 0 with partition epoch 1 and high watermark 0. Current leader is -1. Previous leader Some(-1) and previous leader epoch was 1. (state.change.logger)
[2025-05-06 16:43:12,492] INFO [Broker id=1] Follower __consumer_offsets-36 starts at leader epoch 1 from offset 0 with partition epoch 1 and high watermark 0. Current leader is -1. Previous leader Some(-1) and previous leader epoch was 1. (state.change.logger)
[2025-05-06 16:43:12,493] INFO [Broker id=1] Follower __consumer_offsets-47 starts at leader epoch 1 from offset 0 with partition epoch 1 and high watermark 0. Current leader is -1. Previous leader Some(-1) and previous leader epoch was 1. (state.change.logger)
[2025-05-06 16:43:12,493] INFO [Broker id=1] Follower __consumer_offsets-14 starts at leader epoch 1 from offset 0 with partition epoch 1 and high watermark 0. Current leader is -1. Previous leader Some(-1) and previous leader epoch was 1. (state.change.logger)
[2025-05-06 16:43:12,494] INFO [Broker id=1] Follower streams-wordcount-counts-store-changelog-0 starts at leader epoch 1 from offset 17 with partition epoch 1 and high watermark 17. Current leader is -1. Previous leader Some(-1) and previous leader epoch was 1. (state.change.logger)
[2025-05-06 16:43:12,494] INFO [Broker id=1] Follower __consumer_offsets-43 starts at leader epoch 1 from offset 0 with partition epoch 1 and high watermark 0. Current leader is -1. Previous leader Some(-1) and previous leader epoch was 1. (state.change.logger)
[2025-05-06 16:43:12,495] INFO [Broker id=1] Follower __consumer_offsets-10 starts at leader epoch 1 from offset 0 with partition epoch 1 and high watermark 0. Current leader is -1. Previous leader Some(-1) and previous leader epoch was 1. (state.change.logger)
[2025-05-06 16:43:12,495] INFO [Broker id=1] Follower __consumer_offsets-22 starts at leader epoch 1 from offset 0 with partition epoch 1 and high watermark 0. Current leader is -1. Previous leader Some(-1) and previous leader epoch was 1. (state.change.logger)
[2025-05-06 16:43:12,495] INFO [Broker id=1] Follower __consumer_offsets-18 starts at leader epoch 1 from offset 0 with partition epoch 1 and high watermark 0. Current leader is -1. Previous leader Some(-1) and previous leader epoch was 1. (state.change.logger)
[2025-05-06 16:43:12,496] INFO [Broker id=1] Follower __consumer_offsets-31 starts at leader epoch 1 from offset 0 with partition epoch 1 and high watermark 0. Current leader is -1. Previous leader Some(-1) and previous leader epoch was 1. (state.change.logger)
[2025-05-06 16:43:12,496] INFO [Broker id=1] Follower streams-wordcount-counts-store-repartition-0 starts at leader epoch 1 from offset 19 with partition epoch 1 and high watermark 19. Current leader is -1. Previous leader Some(-1) and previous leader epoch was 1. (state.change.logger)
[2025-05-06 16:43:12,497] INFO [Broker id=1] Follower __consumer_offsets-27 starts at leader epoch 1 from offset 0 with partition epoch 1 and high watermark 0. Current leader is -1. Previous leader Some(-1) and previous leader epoch was 1. (state.change.logger)
[2025-05-06 16:43:12,497] INFO [Broker id=1] Follower __consumer_offsets-39 starts at leader epoch 1 from offset 0 with partition epoch 1 and high watermark 0. Current leader is -1. Previous leader Some(-1) and previous leader epoch was 1. (state.change.logger)
[2025-05-06 16:43:12,498] INFO [Broker id=1] Follower __consumer_offsets-6 starts at leader epoch 1 from offset 0 with partition epoch 1 and high watermark 0. Current leader is -1. Previous leader Some(-1) and previous leader epoch was 1. (state.change.logger)
[2025-05-06 16:43:12,498] INFO [Broker id=1] Follower __consumer_offsets-35 starts at leader epoch 1 from offset 14 with partition epoch 1 and high watermark 14. Current leader is -1. Previous leader Some(-1) and previous leader epoch was 1. (state.change.logger)
[2025-05-06 16:43:12,499] INFO [Broker id=1] Follower __consumer_offsets-2 starts at leader epoch 1 from offset 0 with partition epoch 1 and high watermark 0. Current leader is -1. Previous leader Some(-1) and previous leader epoch was 1. (state.change.logger)
[2025-05-06 16:43:12,502] INFO [Broker id=1] Stopped fetchers as part of controlled shutdown for 52 partitions (state.change.logger)
